============================= test session starts ==============================
platform darwin -- Python 3.11.4, pytest-9.0.2, pluggy-1.6.0
rootdir: /Users/nawanshaju/Documents/UNSW/26T1/SENG2021/cLOUDy/cLOUDy-Backend-SENG2021
configfile: pyproject.toml
plugins: mock-3.15.1, cov-7.0.0
collected 219 items

tests/test_XML_generation.py ....................                        [  9%]
tests/test_XML_to_db.py ..                                               [ 10%]
tests/test_XML_to_db_update_cancel.py ..                                 [ 10%]
tests/test_api_key.py ........                                           [ 14%]
tests/test_api_key_system_test.py ....                                   [ 16%]
tests/test_cancel_order.py .FF.F                                         [ 18%]
tests/test_cancel_order_system.py F..FF                                  [ 21%]
tests/test_create_order.py ..............                                [ 27%]
tests/test_create_order_system_test.py EEEEEEEE                          [ 31%]
tests/test_delete_canceled_buyer.py ......                               [ 33%]
tests/test_delete_canceled_buyer_system.py EEEE                          [ 35%]
tests/test_get_all_orders_for_buyer.py .FFFFFFFFFFFF                     [ 41%]
tests/test_get_all_orders_for_buyer_system.py EEEEEEEEEEEEEEEEEE         [ 49%]
tests/test_get_order_XML.py .....                                        [ 52%]
tests/test_get_order_by_id.py FFFFFFF                                    [ 55%]
tests/test_get_order_by_id_systems.py EEEEEEEEEEE                        [ 60%]
tests/test_helper.py .......                                             [ 63%]
tests/test_update_order.py ......                                        [ 66%]
tests/test_update_order_system.py EEEEE                                  [ 68%]
tests/test_validate_api_key.py FF                                        [ 69%]
tests/test_validate_order.py ...................                         [ 78%]
tests/test_validate_order_XML.py ....................................... [ 95%]
.....                                                                    [ 98%]
tests/test_validate_order_XML_system_test.py ....                        [100%]

==================================== ERRORS ====================================
_____________ ERROR at setup of test_create_order_invalid_buyer_id _____________

name = 'app.services.apiKey'

    def resolve(name: str) -> object:
        # Simplified from zope.dottedname.
        parts = name.split(".")
    
        used = parts.pop(0)
        found: object = __import__(used)
        for part in parts:
            used += "." + part
            try:
                found = getattr(found, part)
            except AttributeError:
                pass
            else:
                continue
            # We use explicit un-nesting of the handling block in order
            # to avoid nested exceptions.
            try:
>               __import__(used)
E               ModuleNotFoundError: No module named 'app.services.apiKey'

.venv/lib/python3.11/site-packages/_pytest/monkeypatch.py:79: ModuleNotFoundError

The above exception was the direct cause of the following exception:

monkeypatch = <_pytest.monkeypatch.MonkeyPatch object at 0x107b2ca50>

    @pytest.fixture(autouse=True)
    def mock_auth_db(monkeypatch):
        class FakeAuthDB:
            def __enter__(self):
                return self
    
            def __exit__(self, *args):
                pass
    
            def execute_query(self, query, params):
                return [("dummy-key",)]
    
>       monkeypatch.setattr("app.services.apiKey.PostgresDB", lambda: FakeAuthDB())

tests/test_create_order_system_test.py:58: 
_ _ _ _ _ _ _ _ _ _ _ _ _ _ _ _ _ _ _ _ _ _ _ _ _ _ _ _ _ _ _ _ _ _ _ _ _ _ _ _ 
.venv/lib/python3.11/site-packages/_pytest/monkeypatch.py:104: in derive_importpath
    target = resolve(module)
             ^^^^^^^^^^^^^^^
_ _ _ _ _ _ _ _ _ _ _ _ _ _ _ _ _ _ _ _ _ _ _ _ _ _ _ _ _ _ _ _ _ _ _ _ _ _ _ _ 

name = 'app.services.apiKey'

    def resolve(name: str) -> object:
        # Simplified from zope.dottedname.
        parts = name.split(".")
    
        used = parts.pop(0)
        found: object = __import__(used)
        for part in parts:
            used += "." + part
            try:
                found = getattr(found, part)
            except AttributeError:
                pass
            else:
                continue
            # We use explicit un-nesting of the handling block in order
            # to avoid nested exceptions.
            try:
                __import__(used)
            except ImportError as ex:
                expected = str(ex).split()[-1]
                if expected == used:
                    raise
                else:
>                   raise ImportError(f"import error in {used}: {ex}") from ex
E                   ImportError: import error in app.services.apiKey: No module named 'app.services.apiKey'

.venv/lib/python3.11/site-packages/_pytest/monkeypatch.py:85: ImportError
_______________ ERROR at setup of test_create_order_missing_json _______________

name = 'app.services.apiKey'

    def resolve(name: str) -> object:
        # Simplified from zope.dottedname.
        parts = name.split(".")
    
        used = parts.pop(0)
        found: object = __import__(used)
        for part in parts:
            used += "." + part
            try:
                found = getattr(found, part)
            except AttributeError:
                pass
            else:
                continue
            # We use explicit un-nesting of the handling block in order
            # to avoid nested exceptions.
            try:
>               __import__(used)
E               ModuleNotFoundError: No module named 'app.services.apiKey'

.venv/lib/python3.11/site-packages/_pytest/monkeypatch.py:79: ModuleNotFoundError

The above exception was the direct cause of the following exception:

monkeypatch = <_pytest.monkeypatch.MonkeyPatch object at 0x107a9e5d0>

    @pytest.fixture(autouse=True)
    def mock_auth_db(monkeypatch):
        class FakeAuthDB:
            def __enter__(self):
                return self
    
            def __exit__(self, *args):
                pass
    
            def execute_query(self, query, params):
                return [("dummy-key",)]
    
>       monkeypatch.setattr("app.services.apiKey.PostgresDB", lambda: FakeAuthDB())

tests/test_create_order_system_test.py:58: 
_ _ _ _ _ _ _ _ _ _ _ _ _ _ _ _ _ _ _ _ _ _ _ _ _ _ _ _ _ _ _ _ _ _ _ _ _ _ _ _ 
.venv/lib/python3.11/site-packages/_pytest/monkeypatch.py:104: in derive_importpath
    target = resolve(module)
             ^^^^^^^^^^^^^^^
_ _ _ _ _ _ _ _ _ _ _ _ _ _ _ _ _ _ _ _ _ _ _ _ _ _ _ _ _ _ _ _ _ _ _ _ _ _ _ _ 

name = 'app.services.apiKey'

    def resolve(name: str) -> object:
        # Simplified from zope.dottedname.
        parts = name.split(".")
    
        used = parts.pop(0)
        found: object = __import__(used)
        for part in parts:
            used += "." + part
            try:
                found = getattr(found, part)
            except AttributeError:
                pass
            else:
                continue
            # We use explicit un-nesting of the handling block in order
            # to avoid nested exceptions.
            try:
                __import__(used)
            except ImportError as ex:
                expected = str(ex).split()[-1]
                if expected == used:
                    raise
                else:
>                   raise ImportError(f"import error in {used}: {ex}") from ex
E                   ImportError: import error in app.services.apiKey: No module named 'app.services.apiKey'

.venv/lib/python3.11/site-packages/_pytest/monkeypatch.py:85: ImportError
_____________ ERROR at setup of test_create_order_missing_address ______________

name = 'app.services.apiKey'

    def resolve(name: str) -> object:
        # Simplified from zope.dottedname.
        parts = name.split(".")
    
        used = parts.pop(0)
        found: object = __import__(used)
        for part in parts:
            used += "." + part
            try:
                found = getattr(found, part)
            except AttributeError:
                pass
            else:
                continue
            # We use explicit un-nesting of the handling block in order
            # to avoid nested exceptions.
            try:
>               __import__(used)
E               ModuleNotFoundError: No module named 'app.services.apiKey'

.venv/lib/python3.11/site-packages/_pytest/monkeypatch.py:79: ModuleNotFoundError

The above exception was the direct cause of the following exception:

monkeypatch = <_pytest.monkeypatch.MonkeyPatch object at 0x1079e1a50>

    @pytest.fixture(autouse=True)
    def mock_auth_db(monkeypatch):
        class FakeAuthDB:
            def __enter__(self):
                return self
    
            def __exit__(self, *args):
                pass
    
            def execute_query(self, query, params):
                return [("dummy-key",)]
    
>       monkeypatch.setattr("app.services.apiKey.PostgresDB", lambda: FakeAuthDB())

tests/test_create_order_system_test.py:58: 
_ _ _ _ _ _ _ _ _ _ _ _ _ _ _ _ _ _ _ _ _ _ _ _ _ _ _ _ _ _ _ _ _ _ _ _ _ _ _ _ 
.venv/lib/python3.11/site-packages/_pytest/monkeypatch.py:104: in derive_importpath
    target = resolve(module)
             ^^^^^^^^^^^^^^^
_ _ _ _ _ _ _ _ _ _ _ _ _ _ _ _ _ _ _ _ _ _ _ _ _ _ _ _ _ _ _ _ _ _ _ _ _ _ _ _ 

name = 'app.services.apiKey'

    def resolve(name: str) -> object:
        # Simplified from zope.dottedname.
        parts = name.split(".")
    
        used = parts.pop(0)
        found: object = __import__(used)
        for part in parts:
            used += "." + part
            try:
                found = getattr(found, part)
            except AttributeError:
                pass
            else:
                continue
            # We use explicit un-nesting of the handling block in order
            # to avoid nested exceptions.
            try:
                __import__(used)
            except ImportError as ex:
                expected = str(ex).split()[-1]
                if expected == used:
                    raise
                else:
>                   raise ImportError(f"import error in {used}: {ex}") from ex
E                   ImportError: import error in app.services.apiKey: No module named 'app.services.apiKey'

.venv/lib/python3.11/site-packages/_pytest/monkeypatch.py:85: ImportError
______________ ERROR at setup of test_create_order_missing_items _______________

name = 'app.services.apiKey'

    def resolve(name: str) -> object:
        # Simplified from zope.dottedname.
        parts = name.split(".")
    
        used = parts.pop(0)
        found: object = __import__(used)
        for part in parts:
            used += "." + part
            try:
                found = getattr(found, part)
            except AttributeError:
                pass
            else:
                continue
            # We use explicit un-nesting of the handling block in order
            # to avoid nested exceptions.
            try:
>               __import__(used)
E               ModuleNotFoundError: No module named 'app.services.apiKey'

.venv/lib/python3.11/site-packages/_pytest/monkeypatch.py:79: ModuleNotFoundError

The above exception was the direct cause of the following exception:

monkeypatch = <_pytest.monkeypatch.MonkeyPatch object at 0x107aa36d0>

    @pytest.fixture(autouse=True)
    def mock_auth_db(monkeypatch):
        class FakeAuthDB:
            def __enter__(self):
                return self
    
            def __exit__(self, *args):
                pass
    
            def execute_query(self, query, params):
                return [("dummy-key",)]
    
>       monkeypatch.setattr("app.services.apiKey.PostgresDB", lambda: FakeAuthDB())

tests/test_create_order_system_test.py:58: 
_ _ _ _ _ _ _ _ _ _ _ _ _ _ _ _ _ _ _ _ _ _ _ _ _ _ _ _ _ _ _ _ _ _ _ _ _ _ _ _ 
.venv/lib/python3.11/site-packages/_pytest/monkeypatch.py:104: in derive_importpath
    target = resolve(module)
             ^^^^^^^^^^^^^^^
_ _ _ _ _ _ _ _ _ _ _ _ _ _ _ _ _ _ _ _ _ _ _ _ _ _ _ _ _ _ _ _ _ _ _ _ _ _ _ _ 

name = 'app.services.apiKey'

    def resolve(name: str) -> object:
        # Simplified from zope.dottedname.
        parts = name.split(".")
    
        used = parts.pop(0)
        found: object = __import__(used)
        for part in parts:
            used += "." + part
            try:
                found = getattr(found, part)
            except AttributeError:
                pass
            else:
                continue
            # We use explicit un-nesting of the handling block in order
            # to avoid nested exceptions.
            try:
                __import__(used)
            except ImportError as ex:
                expected = str(ex).split()[-1]
                if expected == used:
                    raise
                else:
>                   raise ImportError(f"import error in {used}: {ex}") from ex
E                   ImportError: import error in app.services.apiKey: No module named 'app.services.apiKey'

.venv/lib/python3.11/site-packages/_pytest/monkeypatch.py:85: ImportError
___________ ERROR at setup of test_create_order_success_status_code ____________

name = 'app.services.apiKey'

    def resolve(name: str) -> object:
        # Simplified from zope.dottedname.
        parts = name.split(".")
    
        used = parts.pop(0)
        found: object = __import__(used)
        for part in parts:
            used += "." + part
            try:
                found = getattr(found, part)
            except AttributeError:
                pass
            else:
                continue
            # We use explicit un-nesting of the handling block in order
            # to avoid nested exceptions.
            try:
>               __import__(used)
E               ModuleNotFoundError: No module named 'app.services.apiKey'

.venv/lib/python3.11/site-packages/_pytest/monkeypatch.py:79: ModuleNotFoundError

The above exception was the direct cause of the following exception:

monkeypatch = <_pytest.monkeypatch.MonkeyPatch object at 0x107b34390>

    @pytest.fixture(autouse=True)
    def mock_auth_db(monkeypatch):
        class FakeAuthDB:
            def __enter__(self):
                return self
    
            def __exit__(self, *args):
                pass
    
            def execute_query(self, query, params):
                return [("dummy-key",)]
    
>       monkeypatch.setattr("app.services.apiKey.PostgresDB", lambda: FakeAuthDB())

tests/test_create_order_system_test.py:58: 
_ _ _ _ _ _ _ _ _ _ _ _ _ _ _ _ _ _ _ _ _ _ _ _ _ _ _ _ _ _ _ _ _ _ _ _ _ _ _ _ 
.venv/lib/python3.11/site-packages/_pytest/monkeypatch.py:104: in derive_importpath
    target = resolve(module)
             ^^^^^^^^^^^^^^^
_ _ _ _ _ _ _ _ _ _ _ _ _ _ _ _ _ _ _ _ _ _ _ _ _ _ _ _ _ _ _ _ _ _ _ _ _ _ _ _ 

name = 'app.services.apiKey'

    def resolve(name: str) -> object:
        # Simplified from zope.dottedname.
        parts = name.split(".")
    
        used = parts.pop(0)
        found: object = __import__(used)
        for part in parts:
            used += "." + part
            try:
                found = getattr(found, part)
            except AttributeError:
                pass
            else:
                continue
            # We use explicit un-nesting of the handling block in order
            # to avoid nested exceptions.
            try:
                __import__(used)
            except ImportError as ex:
                expected = str(ex).split()[-1]
                if expected == used:
                    raise
                else:
>                   raise ImportError(f"import error in {used}: {ex}") from ex
E                   ImportError: import error in app.services.apiKey: No module named 'app.services.apiKey'

.venv/lib/python3.11/site-packages/_pytest/monkeypatch.py:85: ImportError
___________ ERROR at setup of test_create_order_success_returns_xml ____________

name = 'app.services.apiKey'

    def resolve(name: str) -> object:
        # Simplified from zope.dottedname.
        parts = name.split(".")
    
        used = parts.pop(0)
        found: object = __import__(used)
        for part in parts:
            used += "." + part
            try:
                found = getattr(found, part)
            except AttributeError:
                pass
            else:
                continue
            # We use explicit un-nesting of the handling block in order
            # to avoid nested exceptions.
            try:
>               __import__(used)
E               ModuleNotFoundError: No module named 'app.services.apiKey'

.venv/lib/python3.11/site-packages/_pytest/monkeypatch.py:79: ModuleNotFoundError

The above exception was the direct cause of the following exception:

monkeypatch = <_pytest.monkeypatch.MonkeyPatch object at 0x1071aced0>

    @pytest.fixture(autouse=True)
    def mock_auth_db(monkeypatch):
        class FakeAuthDB:
            def __enter__(self):
                return self
    
            def __exit__(self, *args):
                pass
    
            def execute_query(self, query, params):
                return [("dummy-key",)]
    
>       monkeypatch.setattr("app.services.apiKey.PostgresDB", lambda: FakeAuthDB())

tests/test_create_order_system_test.py:58: 
_ _ _ _ _ _ _ _ _ _ _ _ _ _ _ _ _ _ _ _ _ _ _ _ _ _ _ _ _ _ _ _ _ _ _ _ _ _ _ _ 
.venv/lib/python3.11/site-packages/_pytest/monkeypatch.py:104: in derive_importpath
    target = resolve(module)
             ^^^^^^^^^^^^^^^
_ _ _ _ _ _ _ _ _ _ _ _ _ _ _ _ _ _ _ _ _ _ _ _ _ _ _ _ _ _ _ _ _ _ _ _ _ _ _ _ 

name = 'app.services.apiKey'

    def resolve(name: str) -> object:
        # Simplified from zope.dottedname.
        parts = name.split(".")
    
        used = parts.pop(0)
        found: object = __import__(used)
        for part in parts:
            used += "." + part
            try:
                found = getattr(found, part)
            except AttributeError:
                pass
            else:
                continue
            # We use explicit un-nesting of the handling block in order
            # to avoid nested exceptions.
            try:
                __import__(used)
            except ImportError as ex:
                expected = str(ex).split()[-1]
                if expected == used:
                    raise
                else:
>                   raise ImportError(f"import error in {used}: {ex}") from ex
E                   ImportError: import error in app.services.apiKey: No module named 'app.services.apiKey'

.venv/lib/python3.11/site-packages/_pytest/monkeypatch.py:85: ImportError
______ ERROR at setup of test_create_order_success_xml_contains_order_id _______

name = 'app.services.apiKey'

    def resolve(name: str) -> object:
        # Simplified from zope.dottedname.
        parts = name.split(".")
    
        used = parts.pop(0)
        found: object = __import__(used)
        for part in parts:
            used += "." + part
            try:
                found = getattr(found, part)
            except AttributeError:
                pass
            else:
                continue
            # We use explicit un-nesting of the handling block in order
            # to avoid nested exceptions.
            try:
>               __import__(used)
E               ModuleNotFoundError: No module named 'app.services.apiKey'

.venv/lib/python3.11/site-packages/_pytest/monkeypatch.py:79: ModuleNotFoundError

The above exception was the direct cause of the following exception:

monkeypatch = <_pytest.monkeypatch.MonkeyPatch object at 0x107a0a490>

    @pytest.fixture(autouse=True)
    def mock_auth_db(monkeypatch):
        class FakeAuthDB:
            def __enter__(self):
                return self
    
            def __exit__(self, *args):
                pass
    
            def execute_query(self, query, params):
                return [("dummy-key",)]
    
>       monkeypatch.setattr("app.services.apiKey.PostgresDB", lambda: FakeAuthDB())

tests/test_create_order_system_test.py:58: 
_ _ _ _ _ _ _ _ _ _ _ _ _ _ _ _ _ _ _ _ _ _ _ _ _ _ _ _ _ _ _ _ _ _ _ _ _ _ _ _ 
.venv/lib/python3.11/site-packages/_pytest/monkeypatch.py:104: in derive_importpath
    target = resolve(module)
             ^^^^^^^^^^^^^^^
_ _ _ _ _ _ _ _ _ _ _ _ _ _ _ _ _ _ _ _ _ _ _ _ _ _ _ _ _ _ _ _ _ _ _ _ _ _ _ _ 

name = 'app.services.apiKey'

    def resolve(name: str) -> object:
        # Simplified from zope.dottedname.
        parts = name.split(".")
    
        used = parts.pop(0)
        found: object = __import__(used)
        for part in parts:
            used += "." + part
            try:
                found = getattr(found, part)
            except AttributeError:
                pass
            else:
                continue
            # We use explicit un-nesting of the handling block in order
            # to avoid nested exceptions.
            try:
                __import__(used)
            except ImportError as ex:
                expected = str(ex).split()[-1]
                if expected == used:
                    raise
                else:
>                   raise ImportError(f"import error in {used}: {ex}") from ex
E                   ImportError: import error in app.services.apiKey: No module named 'app.services.apiKey'

.venv/lib/python3.11/site-packages/_pytest/monkeypatch.py:85: ImportError
______ ERROR at setup of test_create_order_success_xml_contains_buyer_id _______

name = 'app.services.apiKey'

    def resolve(name: str) -> object:
        # Simplified from zope.dottedname.
        parts = name.split(".")
    
        used = parts.pop(0)
        found: object = __import__(used)
        for part in parts:
            used += "." + part
            try:
                found = getattr(found, part)
            except AttributeError:
                pass
            else:
                continue
            # We use explicit un-nesting of the handling block in order
            # to avoid nested exceptions.
            try:
>               __import__(used)
E               ModuleNotFoundError: No module named 'app.services.apiKey'

.venv/lib/python3.11/site-packages/_pytest/monkeypatch.py:79: ModuleNotFoundError

The above exception was the direct cause of the following exception:

monkeypatch = <_pytest.monkeypatch.MonkeyPatch object at 0x107a46a90>

    @pytest.fixture(autouse=True)
    def mock_auth_db(monkeypatch):
        class FakeAuthDB:
            def __enter__(self):
                return self
    
            def __exit__(self, *args):
                pass
    
            def execute_query(self, query, params):
                return [("dummy-key",)]
    
>       monkeypatch.setattr("app.services.apiKey.PostgresDB", lambda: FakeAuthDB())

tests/test_create_order_system_test.py:58: 
_ _ _ _ _ _ _ _ _ _ _ _ _ _ _ _ _ _ _ _ _ _ _ _ _ _ _ _ _ _ _ _ _ _ _ _ _ _ _ _ 
.venv/lib/python3.11/site-packages/_pytest/monkeypatch.py:104: in derive_importpath
    target = resolve(module)
             ^^^^^^^^^^^^^^^
_ _ _ _ _ _ _ _ _ _ _ _ _ _ _ _ _ _ _ _ _ _ _ _ _ _ _ _ _ _ _ _ _ _ _ _ _ _ _ _ 

name = 'app.services.apiKey'

    def resolve(name: str) -> object:
        # Simplified from zope.dottedname.
        parts = name.split(".")
    
        used = parts.pop(0)
        found: object = __import__(used)
        for part in parts:
            used += "." + part
            try:
                found = getattr(found, part)
            except AttributeError:
                pass
            else:
                continue
            # We use explicit un-nesting of the handling block in order
            # to avoid nested exceptions.
            try:
                __import__(used)
            except ImportError as ex:
                expected = str(ex).split()[-1]
                if expected == used:
                    raise
                else:
>                   raise ImportError(f"import error in {used}: {ex}") from ex
E                   ImportError: import error in app.services.apiKey: No module named 'app.services.apiKey'

.venv/lib/python3.11/site-packages/_pytest/monkeypatch.py:85: ImportError
________________ ERROR at setup of test_delete_cancelled_orders ________________

name = 'app.services.apiKey'

    def resolve(name: str) -> object:
        # Simplified from zope.dottedname.
        parts = name.split(".")
    
        used = parts.pop(0)
        found: object = __import__(used)
        for part in parts:
            used += "." + part
            try:
                found = getattr(found, part)
            except AttributeError:
                pass
            else:
                continue
            # We use explicit un-nesting of the handling block in order
            # to avoid nested exceptions.
            try:
>               __import__(used)
E               ModuleNotFoundError: No module named 'app.services.apiKey'

.venv/lib/python3.11/site-packages/_pytest/monkeypatch.py:79: ModuleNotFoundError

The above exception was the direct cause of the following exception:

monkeypatch = <_pytest.monkeypatch.MonkeyPatch object at 0x107a6b6d0>

    @pytest.fixture(autouse=True)
    def mock_auth_db(monkeypatch):
        class FakeAuthDB:
            def __enter__(self):
                return self
            def __exit__(self, *args):
                pass
            def execute_query(self, query, params):
                return [("dummy-key",)]
>       monkeypatch.setattr("app.services.apiKey.PostgresDB", lambda: FakeAuthDB())

tests/test_delete_canceled_buyer_system.py:42: 
_ _ _ _ _ _ _ _ _ _ _ _ _ _ _ _ _ _ _ _ _ _ _ _ _ _ _ _ _ _ _ _ _ _ _ _ _ _ _ _ 
.venv/lib/python3.11/site-packages/_pytest/monkeypatch.py:104: in derive_importpath
    target = resolve(module)
             ^^^^^^^^^^^^^^^
_ _ _ _ _ _ _ _ _ _ _ _ _ _ _ _ _ _ _ _ _ _ _ _ _ _ _ _ _ _ _ _ _ _ _ _ _ _ _ _ 

name = 'app.services.apiKey'

    def resolve(name: str) -> object:
        # Simplified from zope.dottedname.
        parts = name.split(".")
    
        used = parts.pop(0)
        found: object = __import__(used)
        for part in parts:
            used += "." + part
            try:
                found = getattr(found, part)
            except AttributeError:
                pass
            else:
                continue
            # We use explicit un-nesting of the handling block in order
            # to avoid nested exceptions.
            try:
                __import__(used)
            except ImportError as ex:
                expected = str(ex).split()[-1]
                if expected == used:
                    raise
                else:
>                   raise ImportError(f"import error in {used}: {ex}") from ex
E                   ImportError: import error in app.services.apiKey: No module named 'app.services.apiKey'

.venv/lib/python3.11/site-packages/_pytest/monkeypatch.py:85: ImportError
____________ ERROR at setup of test_delete_cancelled_orders_invalid ____________

name = 'app.services.apiKey'

    def resolve(name: str) -> object:
        # Simplified from zope.dottedname.
        parts = name.split(".")
    
        used = parts.pop(0)
        found: object = __import__(used)
        for part in parts:
            used += "." + part
            try:
                found = getattr(found, part)
            except AttributeError:
                pass
            else:
                continue
            # We use explicit un-nesting of the handling block in order
            # to avoid nested exceptions.
            try:
>               __import__(used)
E               ModuleNotFoundError: No module named 'app.services.apiKey'

.venv/lib/python3.11/site-packages/_pytest/monkeypatch.py:79: ModuleNotFoundError

The above exception was the direct cause of the following exception:

monkeypatch = <_pytest.monkeypatch.MonkeyPatch object at 0x107aa19d0>

    @pytest.fixture(autouse=True)
    def mock_auth_db(monkeypatch):
        class FakeAuthDB:
            def __enter__(self):
                return self
            def __exit__(self, *args):
                pass
            def execute_query(self, query, params):
                return [("dummy-key",)]
>       monkeypatch.setattr("app.services.apiKey.PostgresDB", lambda: FakeAuthDB())

tests/test_delete_canceled_buyer_system.py:42: 
_ _ _ _ _ _ _ _ _ _ _ _ _ _ _ _ _ _ _ _ _ _ _ _ _ _ _ _ _ _ _ _ _ _ _ _ _ _ _ _ 
.venv/lib/python3.11/site-packages/_pytest/monkeypatch.py:104: in derive_importpath
    target = resolve(module)
             ^^^^^^^^^^^^^^^
_ _ _ _ _ _ _ _ _ _ _ _ _ _ _ _ _ _ _ _ _ _ _ _ _ _ _ _ _ _ _ _ _ _ _ _ _ _ _ _ 

name = 'app.services.apiKey'

    def resolve(name: str) -> object:
        # Simplified from zope.dottedname.
        parts = name.split(".")
    
        used = parts.pop(0)
        found: object = __import__(used)
        for part in parts:
            used += "." + part
            try:
                found = getattr(found, part)
            except AttributeError:
                pass
            else:
                continue
            # We use explicit un-nesting of the handling block in order
            # to avoid nested exceptions.
            try:
                __import__(used)
            except ImportError as ex:
                expected = str(ex).split()[-1]
                if expected == used:
                    raise
                else:
>                   raise ImportError(f"import error in {used}: {ex}") from ex
E                   ImportError: import error in app.services.apiKey: No module named 'app.services.apiKey'

.venv/lib/python3.11/site-packages/_pytest/monkeypatch.py:85: ImportError
___________ ERROR at setup of test_delete_cancelled_orders_not_found ___________

name = 'app.services.apiKey'

    def resolve(name: str) -> object:
        # Simplified from zope.dottedname.
        parts = name.split(".")
    
        used = parts.pop(0)
        found: object = __import__(used)
        for part in parts:
            used += "." + part
            try:
                found = getattr(found, part)
            except AttributeError:
                pass
            else:
                continue
            # We use explicit un-nesting of the handling block in order
            # to avoid nested exceptions.
            try:
>               __import__(used)
E               ModuleNotFoundError: No module named 'app.services.apiKey'

.venv/lib/python3.11/site-packages/_pytest/monkeypatch.py:79: ModuleNotFoundError

The above exception was the direct cause of the following exception:

monkeypatch = <_pytest.monkeypatch.MonkeyPatch object at 0x107b273d0>

    @pytest.fixture(autouse=True)
    def mock_auth_db(monkeypatch):
        class FakeAuthDB:
            def __enter__(self):
                return self
            def __exit__(self, *args):
                pass
            def execute_query(self, query, params):
                return [("dummy-key",)]
>       monkeypatch.setattr("app.services.apiKey.PostgresDB", lambda: FakeAuthDB())

tests/test_delete_canceled_buyer_system.py:42: 
_ _ _ _ _ _ _ _ _ _ _ _ _ _ _ _ _ _ _ _ _ _ _ _ _ _ _ _ _ _ _ _ _ _ _ _ _ _ _ _ 
.venv/lib/python3.11/site-packages/_pytest/monkeypatch.py:104: in derive_importpath
    target = resolve(module)
             ^^^^^^^^^^^^^^^
_ _ _ _ _ _ _ _ _ _ _ _ _ _ _ _ _ _ _ _ _ _ _ _ _ _ _ _ _ _ _ _ _ _ _ _ _ _ _ _ 

name = 'app.services.apiKey'

    def resolve(name: str) -> object:
        # Simplified from zope.dottedname.
        parts = name.split(".")
    
        used = parts.pop(0)
        found: object = __import__(used)
        for part in parts:
            used += "." + part
            try:
                found = getattr(found, part)
            except AttributeError:
                pass
            else:
                continue
            # We use explicit un-nesting of the handling block in order
            # to avoid nested exceptions.
            try:
                __import__(used)
            except ImportError as ex:
                expected = str(ex).split()[-1]
                if expected == used:
                    raise
                else:
>                   raise ImportError(f"import error in {used}: {ex}") from ex
E                   ImportError: import error in app.services.apiKey: No module named 'app.services.apiKey'

.venv/lib/python3.11/site-packages/_pytest/monkeypatch.py:85: ImportError
_____________ ERROR at setup of test_delete_cancelled_orders_none ______________

name = 'app.services.apiKey'

    def resolve(name: str) -> object:
        # Simplified from zope.dottedname.
        parts = name.split(".")
    
        used = parts.pop(0)
        found: object = __import__(used)
        for part in parts:
            used += "." + part
            try:
                found = getattr(found, part)
            except AttributeError:
                pass
            else:
                continue
            # We use explicit un-nesting of the handling block in order
            # to avoid nested exceptions.
            try:
>               __import__(used)
E               ModuleNotFoundError: No module named 'app.services.apiKey'

.venv/lib/python3.11/site-packages/_pytest/monkeypatch.py:79: ModuleNotFoundError

The above exception was the direct cause of the following exception:

monkeypatch = <_pytest.monkeypatch.MonkeyPatch object at 0x1079a7250>

    @pytest.fixture(autouse=True)
    def mock_auth_db(monkeypatch):
        class FakeAuthDB:
            def __enter__(self):
                return self
            def __exit__(self, *args):
                pass
            def execute_query(self, query, params):
                return [("dummy-key",)]
>       monkeypatch.setattr("app.services.apiKey.PostgresDB", lambda: FakeAuthDB())

tests/test_delete_canceled_buyer_system.py:42: 
_ _ _ _ _ _ _ _ _ _ _ _ _ _ _ _ _ _ _ _ _ _ _ _ _ _ _ _ _ _ _ _ _ _ _ _ _ _ _ _ 
.venv/lib/python3.11/site-packages/_pytest/monkeypatch.py:104: in derive_importpath
    target = resolve(module)
             ^^^^^^^^^^^^^^^
_ _ _ _ _ _ _ _ _ _ _ _ _ _ _ _ _ _ _ _ _ _ _ _ _ _ _ _ _ _ _ _ _ _ _ _ _ _ _ _ 

name = 'app.services.apiKey'

    def resolve(name: str) -> object:
        # Simplified from zope.dottedname.
        parts = name.split(".")
    
        used = parts.pop(0)
        found: object = __import__(used)
        for part in parts:
            used += "." + part
            try:
                found = getattr(found, part)
            except AttributeError:
                pass
            else:
                continue
            # We use explicit un-nesting of the handling block in order
            # to avoid nested exceptions.
            try:
                __import__(used)
            except ImportError as ex:
                expected = str(ex).split()[-1]
                if expected == used:
                    raise
                else:
>                   raise ImportError(f"import error in {used}: {ex}") from ex
E                   ImportError: import error in app.services.apiKey: No module named 'app.services.apiKey'

.venv/lib/python3.11/site-packages/_pytest/monkeypatch.py:85: ImportError
_________ ERROR at setup of test_get_orders_for_buyer_invalid_buyer_id _________

name = 'app.services.apiKey'

    def resolve(name: str) -> object:
        # Simplified from zope.dottedname.
        parts = name.split(".")
    
        used = parts.pop(0)
        found: object = __import__(used)
        for part in parts:
            used += "." + part
            try:
                found = getattr(found, part)
            except AttributeError:
                pass
            else:
                continue
            # We use explicit un-nesting of the handling block in order
            # to avoid nested exceptions.
            try:
>               __import__(used)
E               ModuleNotFoundError: No module named 'app.services.apiKey'

.venv/lib/python3.11/site-packages/_pytest/monkeypatch.py:79: ModuleNotFoundError

The above exception was the direct cause of the following exception:

monkeypatch = <_pytest.monkeypatch.MonkeyPatch object at 0x1079d4210>

    @pytest.fixture(autouse=True)
    def mock_auth_db(monkeypatch):
        class FakeAuthDB:
            def __enter__(self):
                return self
    
            def __exit__(self, *args):
                pass
    
            def execute_query(self, query, params):
                return [("dummy-key",)]
    
>       monkeypatch.setattr("app.services.apiKey.PostgresDB", lambda: FakeAuthDB())

tests/test_get_all_orders_for_buyer_system.py:119: 
_ _ _ _ _ _ _ _ _ _ _ _ _ _ _ _ _ _ _ _ _ _ _ _ _ _ _ _ _ _ _ _ _ _ _ _ _ _ _ _ 
.venv/lib/python3.11/site-packages/_pytest/monkeypatch.py:104: in derive_importpath
    target = resolve(module)
             ^^^^^^^^^^^^^^^
_ _ _ _ _ _ _ _ _ _ _ _ _ _ _ _ _ _ _ _ _ _ _ _ _ _ _ _ _ _ _ _ _ _ _ _ _ _ _ _ 

name = 'app.services.apiKey'

    def resolve(name: str) -> object:
        # Simplified from zope.dottedname.
        parts = name.split(".")
    
        used = parts.pop(0)
        found: object = __import__(used)
        for part in parts:
            used += "." + part
            try:
                found = getattr(found, part)
            except AttributeError:
                pass
            else:
                continue
            # We use explicit un-nesting of the handling block in order
            # to avoid nested exceptions.
            try:
                __import__(used)
            except ImportError as ex:
                expected = str(ex).split()[-1]
                if expected == used:
                    raise
                else:
>                   raise ImportError(f"import error in {used}: {ex}") from ex
E                   ImportError: import error in app.services.apiKey: No module named 'app.services.apiKey'

.venv/lib/python3.11/site-packages/_pytest/monkeypatch.py:85: ImportError
________ ERROR at setup of test_get_orders_for_buyer_invalid_limit_type ________

name = 'app.services.apiKey'

    def resolve(name: str) -> object:
        # Simplified from zope.dottedname.
        parts = name.split(".")
    
        used = parts.pop(0)
        found: object = __import__(used)
        for part in parts:
            used += "." + part
            try:
                found = getattr(found, part)
            except AttributeError:
                pass
            else:
                continue
            # We use explicit un-nesting of the handling block in order
            # to avoid nested exceptions.
            try:
>               __import__(used)
E               ModuleNotFoundError: No module named 'app.services.apiKey'

.venv/lib/python3.11/site-packages/_pytest/monkeypatch.py:79: ModuleNotFoundError

The above exception was the direct cause of the following exception:

monkeypatch = <_pytest.monkeypatch.MonkeyPatch object at 0x107b27550>

    @pytest.fixture(autouse=True)
    def mock_auth_db(monkeypatch):
        class FakeAuthDB:
            def __enter__(self):
                return self
    
            def __exit__(self, *args):
                pass
    
            def execute_query(self, query, params):
                return [("dummy-key",)]
    
>       monkeypatch.setattr("app.services.apiKey.PostgresDB", lambda: FakeAuthDB())

tests/test_get_all_orders_for_buyer_system.py:119: 
_ _ _ _ _ _ _ _ _ _ _ _ _ _ _ _ _ _ _ _ _ _ _ _ _ _ _ _ _ _ _ _ _ _ _ _ _ _ _ _ 
.venv/lib/python3.11/site-packages/_pytest/monkeypatch.py:104: in derive_importpath
    target = resolve(module)
             ^^^^^^^^^^^^^^^
_ _ _ _ _ _ _ _ _ _ _ _ _ _ _ _ _ _ _ _ _ _ _ _ _ _ _ _ _ _ _ _ _ _ _ _ _ _ _ _ 

name = 'app.services.apiKey'

    def resolve(name: str) -> object:
        # Simplified from zope.dottedname.
        parts = name.split(".")
    
        used = parts.pop(0)
        found: object = __import__(used)
        for part in parts:
            used += "." + part
            try:
                found = getattr(found, part)
            except AttributeError:
                pass
            else:
                continue
            # We use explicit un-nesting of the handling block in order
            # to avoid nested exceptions.
            try:
                __import__(used)
            except ImportError as ex:
                expected = str(ex).split()[-1]
                if expected == used:
                    raise
                else:
>                   raise ImportError(f"import error in {used}: {ex}") from ex
E                   ImportError: import error in app.services.apiKey: No module named 'app.services.apiKey'

.venv/lib/python3.11/site-packages/_pytest/monkeypatch.py:85: ImportError
_______ ERROR at setup of test_get_orders_for_buyer_invalid_offset_type ________

name = 'app.services.apiKey'

    def resolve(name: str) -> object:
        # Simplified from zope.dottedname.
        parts = name.split(".")
    
        used = parts.pop(0)
        found: object = __import__(used)
        for part in parts:
            used += "." + part
            try:
                found = getattr(found, part)
            except AttributeError:
                pass
            else:
                continue
            # We use explicit un-nesting of the handling block in order
            # to avoid nested exceptions.
            try:
>               __import__(used)
E               ModuleNotFoundError: No module named 'app.services.apiKey'

.venv/lib/python3.11/site-packages/_pytest/monkeypatch.py:79: ModuleNotFoundError

The above exception was the direct cause of the following exception:

monkeypatch = <_pytest.monkeypatch.MonkeyPatch object at 0x107a45890>

    @pytest.fixture(autouse=True)
    def mock_auth_db(monkeypatch):
        class FakeAuthDB:
            def __enter__(self):
                return self
    
            def __exit__(self, *args):
                pass
    
            def execute_query(self, query, params):
                return [("dummy-key",)]
    
>       monkeypatch.setattr("app.services.apiKey.PostgresDB", lambda: FakeAuthDB())

tests/test_get_all_orders_for_buyer_system.py:119: 
_ _ _ _ _ _ _ _ _ _ _ _ _ _ _ _ _ _ _ _ _ _ _ _ _ _ _ _ _ _ _ _ _ _ _ _ _ _ _ _ 
.venv/lib/python3.11/site-packages/_pytest/monkeypatch.py:104: in derive_importpath
    target = resolve(module)
             ^^^^^^^^^^^^^^^
_ _ _ _ _ _ _ _ _ _ _ _ _ _ _ _ _ _ _ _ _ _ _ _ _ _ _ _ _ _ _ _ _ _ _ _ _ _ _ _ 

name = 'app.services.apiKey'

    def resolve(name: str) -> object:
        # Simplified from zope.dottedname.
        parts = name.split(".")
    
        used = parts.pop(0)
        found: object = __import__(used)
        for part in parts:
            used += "." + part
            try:
                found = getattr(found, part)
            except AttributeError:
                pass
            else:
                continue
            # We use explicit un-nesting of the handling block in order
            # to avoid nested exceptions.
            try:
                __import__(used)
            except ImportError as ex:
                expected = str(ex).split()[-1]
                if expected == used:
                    raise
                else:
>                   raise ImportError(f"import error in {used}: {ex}") from ex
E                   ImportError: import error in app.services.apiKey: No module named 'app.services.apiKey'

.venv/lib/python3.11/site-packages/_pytest/monkeypatch.py:85: ImportError
_______ ERROR at setup of test_get_orders_for_buyer_invalid_limit_value ________

name = 'app.services.apiKey'

    def resolve(name: str) -> object:
        # Simplified from zope.dottedname.
        parts = name.split(".")
    
        used = parts.pop(0)
        found: object = __import__(used)
        for part in parts:
            used += "." + part
            try:
                found = getattr(found, part)
            except AttributeError:
                pass
            else:
                continue
            # We use explicit un-nesting of the handling block in order
            # to avoid nested exceptions.
            try:
>               __import__(used)
E               ModuleNotFoundError: No module named 'app.services.apiKey'

.venv/lib/python3.11/site-packages/_pytest/monkeypatch.py:79: ModuleNotFoundError

The above exception was the direct cause of the following exception:

monkeypatch = <_pytest.monkeypatch.MonkeyPatch object at 0x1079e1710>

    @pytest.fixture(autouse=True)
    def mock_auth_db(monkeypatch):
        class FakeAuthDB:
            def __enter__(self):
                return self
    
            def __exit__(self, *args):
                pass
    
            def execute_query(self, query, params):
                return [("dummy-key",)]
    
>       monkeypatch.setattr("app.services.apiKey.PostgresDB", lambda: FakeAuthDB())

tests/test_get_all_orders_for_buyer_system.py:119: 
_ _ _ _ _ _ _ _ _ _ _ _ _ _ _ _ _ _ _ _ _ _ _ _ _ _ _ _ _ _ _ _ _ _ _ _ _ _ _ _ 
.venv/lib/python3.11/site-packages/_pytest/monkeypatch.py:104: in derive_importpath
    target = resolve(module)
             ^^^^^^^^^^^^^^^
_ _ _ _ _ _ _ _ _ _ _ _ _ _ _ _ _ _ _ _ _ _ _ _ _ _ _ _ _ _ _ _ _ _ _ _ _ _ _ _ 

name = 'app.services.apiKey'

    def resolve(name: str) -> object:
        # Simplified from zope.dottedname.
        parts = name.split(".")
    
        used = parts.pop(0)
        found: object = __import__(used)
        for part in parts:
            used += "." + part
            try:
                found = getattr(found, part)
            except AttributeError:
                pass
            else:
                continue
            # We use explicit un-nesting of the handling block in order
            # to avoid nested exceptions.
            try:
                __import__(used)
            except ImportError as ex:
                expected = str(ex).split()[-1]
                if expected == used:
                    raise
                else:
>                   raise ImportError(f"import error in {used}: {ex}") from ex
E                   ImportError: import error in app.services.apiKey: No module named 'app.services.apiKey'

.venv/lib/python3.11/site-packages/_pytest/monkeypatch.py:85: ImportError
_______ ERROR at setup of test_get_orders_for_buyer_invalid_offset_value _______

name = 'app.services.apiKey'

    def resolve(name: str) -> object:
        # Simplified from zope.dottedname.
        parts = name.split(".")
    
        used = parts.pop(0)
        found: object = __import__(used)
        for part in parts:
            used += "." + part
            try:
                found = getattr(found, part)
            except AttributeError:
                pass
            else:
                continue
            # We use explicit un-nesting of the handling block in order
            # to avoid nested exceptions.
            try:
>               __import__(used)
E               ModuleNotFoundError: No module named 'app.services.apiKey'

.venv/lib/python3.11/site-packages/_pytest/monkeypatch.py:79: ModuleNotFoundError

The above exception was the direct cause of the following exception:

monkeypatch = <_pytest.monkeypatch.MonkeyPatch object at 0x107aa1c10>

    @pytest.fixture(autouse=True)
    def mock_auth_db(monkeypatch):
        class FakeAuthDB:
            def __enter__(self):
                return self
    
            def __exit__(self, *args):
                pass
    
            def execute_query(self, query, params):
                return [("dummy-key",)]
    
>       monkeypatch.setattr("app.services.apiKey.PostgresDB", lambda: FakeAuthDB())

tests/test_get_all_orders_for_buyer_system.py:119: 
_ _ _ _ _ _ _ _ _ _ _ _ _ _ _ _ _ _ _ _ _ _ _ _ _ _ _ _ _ _ _ _ _ _ _ _ _ _ _ _ 
.venv/lib/python3.11/site-packages/_pytest/monkeypatch.py:104: in derive_importpath
    target = resolve(module)
             ^^^^^^^^^^^^^^^
_ _ _ _ _ _ _ _ _ _ _ _ _ _ _ _ _ _ _ _ _ _ _ _ _ _ _ _ _ _ _ _ _ _ _ _ _ _ _ _ 

name = 'app.services.apiKey'

    def resolve(name: str) -> object:
        # Simplified from zope.dottedname.
        parts = name.split(".")
    
        used = parts.pop(0)
        found: object = __import__(used)
        for part in parts:
            used += "." + part
            try:
                found = getattr(found, part)
            except AttributeError:
                pass
            else:
                continue
            # We use explicit un-nesting of the handling block in order
            # to avoid nested exceptions.
            try:
                __import__(used)
            except ImportError as ex:
                expected = str(ex).split()[-1]
                if expected == used:
                    raise
                else:
>                   raise ImportError(f"import error in {used}: {ex}") from ex
E                   ImportError: import error in app.services.apiKey: No module named 'app.services.apiKey'

.venv/lib/python3.11/site-packages/_pytest/monkeypatch.py:85: ImportError
________ ERROR at setup of test_get_orders_for_buyer_invalid_from_date _________

name = 'app.services.apiKey'

    def resolve(name: str) -> object:
        # Simplified from zope.dottedname.
        parts = name.split(".")
    
        used = parts.pop(0)
        found: object = __import__(used)
        for part in parts:
            used += "." + part
            try:
                found = getattr(found, part)
            except AttributeError:
                pass
            else:
                continue
            # We use explicit un-nesting of the handling block in order
            # to avoid nested exceptions.
            try:
>               __import__(used)
E               ModuleNotFoundError: No module named 'app.services.apiKey'

.venv/lib/python3.11/site-packages/_pytest/monkeypatch.py:79: ModuleNotFoundError

The above exception was the direct cause of the following exception:

monkeypatch = <_pytest.monkeypatch.MonkeyPatch object at 0x1079d7910>

    @pytest.fixture(autouse=True)
    def mock_auth_db(monkeypatch):
        class FakeAuthDB:
            def __enter__(self):
                return self
    
            def __exit__(self, *args):
                pass
    
            def execute_query(self, query, params):
                return [("dummy-key",)]
    
>       monkeypatch.setattr("app.services.apiKey.PostgresDB", lambda: FakeAuthDB())

tests/test_get_all_orders_for_buyer_system.py:119: 
_ _ _ _ _ _ _ _ _ _ _ _ _ _ _ _ _ _ _ _ _ _ _ _ _ _ _ _ _ _ _ _ _ _ _ _ _ _ _ _ 
.venv/lib/python3.11/site-packages/_pytest/monkeypatch.py:104: in derive_importpath
    target = resolve(module)
             ^^^^^^^^^^^^^^^
_ _ _ _ _ _ _ _ _ _ _ _ _ _ _ _ _ _ _ _ _ _ _ _ _ _ _ _ _ _ _ _ _ _ _ _ _ _ _ _ 

name = 'app.services.apiKey'

    def resolve(name: str) -> object:
        # Simplified from zope.dottedname.
        parts = name.split(".")
    
        used = parts.pop(0)
        found: object = __import__(used)
        for part in parts:
            used += "." + part
            try:
                found = getattr(found, part)
            except AttributeError:
                pass
            else:
                continue
            # We use explicit un-nesting of the handling block in order
            # to avoid nested exceptions.
            try:
                __import__(used)
            except ImportError as ex:
                expected = str(ex).split()[-1]
                if expected == used:
                    raise
                else:
>                   raise ImportError(f"import error in {used}: {ex}") from ex
E                   ImportError: import error in app.services.apiKey: No module named 'app.services.apiKey'

.venv/lib/python3.11/site-packages/_pytest/monkeypatch.py:85: ImportError
_________ ERROR at setup of test_get_orders_for_buyer_invalid_to_date __________

name = 'app.services.apiKey'

    def resolve(name: str) -> object:
        # Simplified from zope.dottedname.
        parts = name.split(".")
    
        used = parts.pop(0)
        found: object = __import__(used)
        for part in parts:
            used += "." + part
            try:
                found = getattr(found, part)
            except AttributeError:
                pass
            else:
                continue
            # We use explicit un-nesting of the handling block in order
            # to avoid nested exceptions.
            try:
>               __import__(used)
E               ModuleNotFoundError: No module named 'app.services.apiKey'

.venv/lib/python3.11/site-packages/_pytest/monkeypatch.py:79: ModuleNotFoundError

The above exception was the direct cause of the following exception:

monkeypatch = <_pytest.monkeypatch.MonkeyPatch object at 0x107b2c7d0>

    @pytest.fixture(autouse=True)
    def mock_auth_db(monkeypatch):
        class FakeAuthDB:
            def __enter__(self):
                return self
    
            def __exit__(self, *args):
                pass
    
            def execute_query(self, query, params):
                return [("dummy-key",)]
    
>       monkeypatch.setattr("app.services.apiKey.PostgresDB", lambda: FakeAuthDB())

tests/test_get_all_orders_for_buyer_system.py:119: 
_ _ _ _ _ _ _ _ _ _ _ _ _ _ _ _ _ _ _ _ _ _ _ _ _ _ _ _ _ _ _ _ _ _ _ _ _ _ _ _ 
.venv/lib/python3.11/site-packages/_pytest/monkeypatch.py:104: in derive_importpath
    target = resolve(module)
             ^^^^^^^^^^^^^^^
_ _ _ _ _ _ _ _ _ _ _ _ _ _ _ _ _ _ _ _ _ _ _ _ _ _ _ _ _ _ _ _ _ _ _ _ _ _ _ _ 

name = 'app.services.apiKey'

    def resolve(name: str) -> object:
        # Simplified from zope.dottedname.
        parts = name.split(".")
    
        used = parts.pop(0)
        found: object = __import__(used)
        for part in parts:
            used += "." + part
            try:
                found = getattr(found, part)
            except AttributeError:
                pass
            else:
                continue
            # We use explicit un-nesting of the handling block in order
            # to avoid nested exceptions.
            try:
                __import__(used)
            except ImportError as ex:
                expected = str(ex).split()[-1]
                if expected == used:
                    raise
                else:
>                   raise ImportError(f"import error in {used}: {ex}") from ex
E                   ImportError: import error in app.services.apiKey: No module named 'app.services.apiKey'

.venv/lib/python3.11/site-packages/_pytest/monkeypatch.py:85: ImportError
____________ ERROR at setup of test_get_orders_for_buyer_not_found _____________

name = 'app.services.apiKey'

    def resolve(name: str) -> object:
        # Simplified from zope.dottedname.
        parts = name.split(".")
    
        used = parts.pop(0)
        found: object = __import__(used)
        for part in parts:
            used += "." + part
            try:
                found = getattr(found, part)
            except AttributeError:
                pass
            else:
                continue
            # We use explicit un-nesting of the handling block in order
            # to avoid nested exceptions.
            try:
>               __import__(used)
E               ModuleNotFoundError: No module named 'app.services.apiKey'

.venv/lib/python3.11/site-packages/_pytest/monkeypatch.py:79: ModuleNotFoundError

The above exception was the direct cause of the following exception:

monkeypatch = <_pytest.monkeypatch.MonkeyPatch object at 0x107b26250>

    @pytest.fixture(autouse=True)
    def mock_auth_db(monkeypatch):
        class FakeAuthDB:
            def __enter__(self):
                return self
    
            def __exit__(self, *args):
                pass
    
            def execute_query(self, query, params):
                return [("dummy-key",)]
    
>       monkeypatch.setattr("app.services.apiKey.PostgresDB", lambda: FakeAuthDB())

tests/test_get_all_orders_for_buyer_system.py:119: 
_ _ _ _ _ _ _ _ _ _ _ _ _ _ _ _ _ _ _ _ _ _ _ _ _ _ _ _ _ _ _ _ _ _ _ _ _ _ _ _ 
.venv/lib/python3.11/site-packages/_pytest/monkeypatch.py:104: in derive_importpath
    target = resolve(module)
             ^^^^^^^^^^^^^^^
_ _ _ _ _ _ _ _ _ _ _ _ _ _ _ _ _ _ _ _ _ _ _ _ _ _ _ _ _ _ _ _ _ _ _ _ _ _ _ _ 

name = 'app.services.apiKey'

    def resolve(name: str) -> object:
        # Simplified from zope.dottedname.
        parts = name.split(".")
    
        used = parts.pop(0)
        found: object = __import__(used)
        for part in parts:
            used += "." + part
            try:
                found = getattr(found, part)
            except AttributeError:
                pass
            else:
                continue
            # We use explicit un-nesting of the handling block in order
            # to avoid nested exceptions.
            try:
                __import__(used)
            except ImportError as ex:
                expected = str(ex).split()[-1]
                if expected == used:
                    raise
                else:
>                   raise ImportError(f"import error in {used}: {ex}") from ex
E                   ImportError: import error in app.services.apiKey: No module named 'app.services.apiKey'

.venv/lib/python3.11/site-packages/_pytest/monkeypatch.py:85: ImportError
_______ ERROR at setup of test_get_orders_for_buyer_success_status_code ________

name = 'app.services.apiKey'

    def resolve(name: str) -> object:
        # Simplified from zope.dottedname.
        parts = name.split(".")
    
        used = parts.pop(0)
        found: object = __import__(used)
        for part in parts:
            used += "." + part
            try:
                found = getattr(found, part)
            except AttributeError:
                pass
            else:
                continue
            # We use explicit un-nesting of the handling block in order
            # to avoid nested exceptions.
            try:
>               __import__(used)
E               ModuleNotFoundError: No module named 'app.services.apiKey'

.venv/lib/python3.11/site-packages/_pytest/monkeypatch.py:79: ModuleNotFoundError

The above exception was the direct cause of the following exception:

monkeypatch = <_pytest.monkeypatch.MonkeyPatch object at 0x107b76550>

    @pytest.fixture(autouse=True)
    def mock_auth_db(monkeypatch):
        class FakeAuthDB:
            def __enter__(self):
                return self
    
            def __exit__(self, *args):
                pass
    
            def execute_query(self, query, params):
                return [("dummy-key",)]
    
>       monkeypatch.setattr("app.services.apiKey.PostgresDB", lambda: FakeAuthDB())

tests/test_get_all_orders_for_buyer_system.py:119: 
_ _ _ _ _ _ _ _ _ _ _ _ _ _ _ _ _ _ _ _ _ _ _ _ _ _ _ _ _ _ _ _ _ _ _ _ _ _ _ _ 
.venv/lib/python3.11/site-packages/_pytest/monkeypatch.py:104: in derive_importpath
    target = resolve(module)
             ^^^^^^^^^^^^^^^
_ _ _ _ _ _ _ _ _ _ _ _ _ _ _ _ _ _ _ _ _ _ _ _ _ _ _ _ _ _ _ _ _ _ _ _ _ _ _ _ 

name = 'app.services.apiKey'

    def resolve(name: str) -> object:
        # Simplified from zope.dottedname.
        parts = name.split(".")
    
        used = parts.pop(0)
        found: object = __import__(used)
        for part in parts:
            used += "." + part
            try:
                found = getattr(found, part)
            except AttributeError:
                pass
            else:
                continue
            # We use explicit un-nesting of the handling block in order
            # to avoid nested exceptions.
            try:
                __import__(used)
            except ImportError as ex:
                expected = str(ex).split()[-1]
                if expected == used:
                    raise
                else:
>                   raise ImportError(f"import error in {used}: {ex}") from ex
E                   ImportError: import error in app.services.apiKey: No module named 'app.services.apiKey'

.venv/lib/python3.11/site-packages/_pytest/monkeypatch.py:85: ImportError
_______ ERROR at setup of test_get_orders_for_buyer_success_returns_json _______

name = 'app.services.apiKey'

    def resolve(name: str) -> object:
        # Simplified from zope.dottedname.
        parts = name.split(".")
    
        used = parts.pop(0)
        found: object = __import__(used)
        for part in parts:
            used += "." + part
            try:
                found = getattr(found, part)
            except AttributeError:
                pass
            else:
                continue
            # We use explicit un-nesting of the handling block in order
            # to avoid nested exceptions.
            try:
>               __import__(used)
E               ModuleNotFoundError: No module named 'app.services.apiKey'

.venv/lib/python3.11/site-packages/_pytest/monkeypatch.py:79: ModuleNotFoundError

The above exception was the direct cause of the following exception:

monkeypatch = <_pytest.monkeypatch.MonkeyPatch object at 0x107a644d0>

    @pytest.fixture(autouse=True)
    def mock_auth_db(monkeypatch):
        class FakeAuthDB:
            def __enter__(self):
                return self
    
            def __exit__(self, *args):
                pass
    
            def execute_query(self, query, params):
                return [("dummy-key",)]
    
>       monkeypatch.setattr("app.services.apiKey.PostgresDB", lambda: FakeAuthDB())

tests/test_get_all_orders_for_buyer_system.py:119: 
_ _ _ _ _ _ _ _ _ _ _ _ _ _ _ _ _ _ _ _ _ _ _ _ _ _ _ _ _ _ _ _ _ _ _ _ _ _ _ _ 
.venv/lib/python3.11/site-packages/_pytest/monkeypatch.py:104: in derive_importpath
    target = resolve(module)
             ^^^^^^^^^^^^^^^
_ _ _ _ _ _ _ _ _ _ _ _ _ _ _ _ _ _ _ _ _ _ _ _ _ _ _ _ _ _ _ _ _ _ _ _ _ _ _ _ 

name = 'app.services.apiKey'

    def resolve(name: str) -> object:
        # Simplified from zope.dottedname.
        parts = name.split(".")
    
        used = parts.pop(0)
        found: object = __import__(used)
        for part in parts:
            used += "." + part
            try:
                found = getattr(found, part)
            except AttributeError:
                pass
            else:
                continue
            # We use explicit un-nesting of the handling block in order
            # to avoid nested exceptions.
            try:
                __import__(used)
            except ImportError as ex:
                expected = str(ex).split()[-1]
                if expected == used:
                    raise
                else:
>                   raise ImportError(f"import error in {used}: {ex}") from ex
E                   ImportError: import error in app.services.apiKey: No module named 'app.services.apiKey'

.venv/lib/python3.11/site-packages/_pytest/monkeypatch.py:85: ImportError
____ ERROR at setup of test_get_orders_for_buyer_success_contains_buyer_id _____

name = 'app.services.apiKey'

    def resolve(name: str) -> object:
        # Simplified from zope.dottedname.
        parts = name.split(".")
    
        used = parts.pop(0)
        found: object = __import__(used)
        for part in parts:
            used += "." + part
            try:
                found = getattr(found, part)
            except AttributeError:
                pass
            else:
                continue
            # We use explicit un-nesting of the handling block in order
            # to avoid nested exceptions.
            try:
>               __import__(used)
E               ModuleNotFoundError: No module named 'app.services.apiKey'

.venv/lib/python3.11/site-packages/_pytest/monkeypatch.py:79: ModuleNotFoundError

The above exception was the direct cause of the following exception:

monkeypatch = <_pytest.monkeypatch.MonkeyPatch object at 0x107998510>

    @pytest.fixture(autouse=True)
    def mock_auth_db(monkeypatch):
        class FakeAuthDB:
            def __enter__(self):
                return self
    
            def __exit__(self, *args):
                pass
    
            def execute_query(self, query, params):
                return [("dummy-key",)]
    
>       monkeypatch.setattr("app.services.apiKey.PostgresDB", lambda: FakeAuthDB())

tests/test_get_all_orders_for_buyer_system.py:119: 
_ _ _ _ _ _ _ _ _ _ _ _ _ _ _ _ _ _ _ _ _ _ _ _ _ _ _ _ _ _ _ _ _ _ _ _ _ _ _ _ 
.venv/lib/python3.11/site-packages/_pytest/monkeypatch.py:104: in derive_importpath
    target = resolve(module)
             ^^^^^^^^^^^^^^^
_ _ _ _ _ _ _ _ _ _ _ _ _ _ _ _ _ _ _ _ _ _ _ _ _ _ _ _ _ _ _ _ _ _ _ _ _ _ _ _ 

name = 'app.services.apiKey'

    def resolve(name: str) -> object:
        # Simplified from zope.dottedname.
        parts = name.split(".")
    
        used = parts.pop(0)
        found: object = __import__(used)
        for part in parts:
            used += "." + part
            try:
                found = getattr(found, part)
            except AttributeError:
                pass
            else:
                continue
            # We use explicit un-nesting of the handling block in order
            # to avoid nested exceptions.
            try:
                __import__(used)
            except ImportError as ex:
                expected = str(ex).split()[-1]
                if expected == used:
                    raise
                else:
>                   raise ImportError(f"import error in {used}: {ex}") from ex
E                   ImportError: import error in app.services.apiKey: No module named 'app.services.apiKey'

.venv/lib/python3.11/site-packages/_pytest/monkeypatch.py:85: ImportError
_____ ERROR at setup of test_get_orders_for_buyer_success_contains_message _____

name = 'app.services.apiKey'

    def resolve(name: str) -> object:
        # Simplified from zope.dottedname.
        parts = name.split(".")
    
        used = parts.pop(0)
        found: object = __import__(used)
        for part in parts:
            used += "." + part
            try:
                found = getattr(found, part)
            except AttributeError:
                pass
            else:
                continue
            # We use explicit un-nesting of the handling block in order
            # to avoid nested exceptions.
            try:
>               __import__(used)
E               ModuleNotFoundError: No module named 'app.services.apiKey'

.venv/lib/python3.11/site-packages/_pytest/monkeypatch.py:79: ModuleNotFoundError

The above exception was the direct cause of the following exception:

monkeypatch = <_pytest.monkeypatch.MonkeyPatch object at 0x107a4cb90>

    @pytest.fixture(autouse=True)
    def mock_auth_db(monkeypatch):
        class FakeAuthDB:
            def __enter__(self):
                return self
    
            def __exit__(self, *args):
                pass
    
            def execute_query(self, query, params):
                return [("dummy-key",)]
    
>       monkeypatch.setattr("app.services.apiKey.PostgresDB", lambda: FakeAuthDB())

tests/test_get_all_orders_for_buyer_system.py:119: 
_ _ _ _ _ _ _ _ _ _ _ _ _ _ _ _ _ _ _ _ _ _ _ _ _ _ _ _ _ _ _ _ _ _ _ _ _ _ _ _ 
.venv/lib/python3.11/site-packages/_pytest/monkeypatch.py:104: in derive_importpath
    target = resolve(module)
             ^^^^^^^^^^^^^^^
_ _ _ _ _ _ _ _ _ _ _ _ _ _ _ _ _ _ _ _ _ _ _ _ _ _ _ _ _ _ _ _ _ _ _ _ _ _ _ _ 

name = 'app.services.apiKey'

    def resolve(name: str) -> object:
        # Simplified from zope.dottedname.
        parts = name.split(".")
    
        used = parts.pop(0)
        found: object = __import__(used)
        for part in parts:
            used += "." + part
            try:
                found = getattr(found, part)
            except AttributeError:
                pass
            else:
                continue
            # We use explicit un-nesting of the handling block in order
            # to avoid nested exceptions.
            try:
                __import__(used)
            except ImportError as ex:
                expected = str(ex).split()[-1]
                if expected == used:
                    raise
                else:
>                   raise ImportError(f"import error in {used}: {ex}") from ex
E                   ImportError: import error in app.services.apiKey: No module named 'app.services.apiKey'

.venv/lib/python3.11/site-packages/_pytest/monkeypatch.py:85: ImportError
______ ERROR at setup of test_get_orders_for_buyer_success_contains_count ______

name = 'app.services.apiKey'

    def resolve(name: str) -> object:
        # Simplified from zope.dottedname.
        parts = name.split(".")
    
        used = parts.pop(0)
        found: object = __import__(used)
        for part in parts:
            used += "." + part
            try:
                found = getattr(found, part)
            except AttributeError:
                pass
            else:
                continue
            # We use explicit un-nesting of the handling block in order
            # to avoid nested exceptions.
            try:
>               __import__(used)
E               ModuleNotFoundError: No module named 'app.services.apiKey'

.venv/lib/python3.11/site-packages/_pytest/monkeypatch.py:79: ModuleNotFoundError

The above exception was the direct cause of the following exception:

monkeypatch = <_pytest.monkeypatch.MonkeyPatch object at 0x107a503d0>

    @pytest.fixture(autouse=True)
    def mock_auth_db(monkeypatch):
        class FakeAuthDB:
            def __enter__(self):
                return self
    
            def __exit__(self, *args):
                pass
    
            def execute_query(self, query, params):
                return [("dummy-key",)]
    
>       monkeypatch.setattr("app.services.apiKey.PostgresDB", lambda: FakeAuthDB())

tests/test_get_all_orders_for_buyer_system.py:119: 
_ _ _ _ _ _ _ _ _ _ _ _ _ _ _ _ _ _ _ _ _ _ _ _ _ _ _ _ _ _ _ _ _ _ _ _ _ _ _ _ 
.venv/lib/python3.11/site-packages/_pytest/monkeypatch.py:104: in derive_importpath
    target = resolve(module)
             ^^^^^^^^^^^^^^^
_ _ _ _ _ _ _ _ _ _ _ _ _ _ _ _ _ _ _ _ _ _ _ _ _ _ _ _ _ _ _ _ _ _ _ _ _ _ _ _ 

name = 'app.services.apiKey'

    def resolve(name: str) -> object:
        # Simplified from zope.dottedname.
        parts = name.split(".")
    
        used = parts.pop(0)
        found: object = __import__(used)
        for part in parts:
            used += "." + part
            try:
                found = getattr(found, part)
            except AttributeError:
                pass
            else:
                continue
            # We use explicit un-nesting of the handling block in order
            # to avoid nested exceptions.
            try:
                __import__(used)
            except ImportError as ex:
                expected = str(ex).split()[-1]
                if expected == used:
                    raise
                else:
>                   raise ImportError(f"import error in {used}: {ex}") from ex
E                   ImportError: import error in app.services.apiKey: No module named 'app.services.apiKey'

.venv/lib/python3.11/site-packages/_pytest/monkeypatch.py:85: ImportError
_ ERROR at setup of test_get_orders_for_buyer_success_contains_limit_and_offset _

name = 'app.services.apiKey'

    def resolve(name: str) -> object:
        # Simplified from zope.dottedname.
        parts = name.split(".")
    
        used = parts.pop(0)
        found: object = __import__(used)
        for part in parts:
            used += "." + part
            try:
                found = getattr(found, part)
            except AttributeError:
                pass
            else:
                continue
            # We use explicit un-nesting of the handling block in order
            # to avoid nested exceptions.
            try:
>               __import__(used)
E               ModuleNotFoundError: No module named 'app.services.apiKey'

.venv/lib/python3.11/site-packages/_pytest/monkeypatch.py:79: ModuleNotFoundError

The above exception was the direct cause of the following exception:

monkeypatch = <_pytest.monkeypatch.MonkeyPatch object at 0x107168710>

    @pytest.fixture(autouse=True)
    def mock_auth_db(monkeypatch):
        class FakeAuthDB:
            def __enter__(self):
                return self
    
            def __exit__(self, *args):
                pass
    
            def execute_query(self, query, params):
                return [("dummy-key",)]
    
>       monkeypatch.setattr("app.services.apiKey.PostgresDB", lambda: FakeAuthDB())

tests/test_get_all_orders_for_buyer_system.py:119: 
_ _ _ _ _ _ _ _ _ _ _ _ _ _ _ _ _ _ _ _ _ _ _ _ _ _ _ _ _ _ _ _ _ _ _ _ _ _ _ _ 
.venv/lib/python3.11/site-packages/_pytest/monkeypatch.py:104: in derive_importpath
    target = resolve(module)
             ^^^^^^^^^^^^^^^
_ _ _ _ _ _ _ _ _ _ _ _ _ _ _ _ _ _ _ _ _ _ _ _ _ _ _ _ _ _ _ _ _ _ _ _ _ _ _ _ 

name = 'app.services.apiKey'

    def resolve(name: str) -> object:
        # Simplified from zope.dottedname.
        parts = name.split(".")
    
        used = parts.pop(0)
        found: object = __import__(used)
        for part in parts:
            used += "." + part
            try:
                found = getattr(found, part)
            except AttributeError:
                pass
            else:
                continue
            # We use explicit un-nesting of the handling block in order
            # to avoid nested exceptions.
            try:
                __import__(used)
            except ImportError as ex:
                expected = str(ex).split()[-1]
                if expected == used:
                    raise
                else:
>                   raise ImportError(f"import error in {used}: {ex}") from ex
E                   ImportError: import error in app.services.apiKey: No module named 'app.services.apiKey'

.venv/lib/python3.11/site-packages/_pytest/monkeypatch.py:85: ImportError
_____ ERROR at setup of test_get_orders_for_buyer_success_contains_orders ______

name = 'app.services.apiKey'

    def resolve(name: str) -> object:
        # Simplified from zope.dottedname.
        parts = name.split(".")
    
        used = parts.pop(0)
        found: object = __import__(used)
        for part in parts:
            used += "." + part
            try:
                found = getattr(found, part)
            except AttributeError:
                pass
            else:
                continue
            # We use explicit un-nesting of the handling block in order
            # to avoid nested exceptions.
            try:
>               __import__(used)
E               ModuleNotFoundError: No module named 'app.services.apiKey'

.venv/lib/python3.11/site-packages/_pytest/monkeypatch.py:79: ModuleNotFoundError

The above exception was the direct cause of the following exception:

monkeypatch = <_pytest.monkeypatch.MonkeyPatch object at 0x1079e3410>

    @pytest.fixture(autouse=True)
    def mock_auth_db(monkeypatch):
        class FakeAuthDB:
            def __enter__(self):
                return self
    
            def __exit__(self, *args):
                pass
    
            def execute_query(self, query, params):
                return [("dummy-key",)]
    
>       monkeypatch.setattr("app.services.apiKey.PostgresDB", lambda: FakeAuthDB())

tests/test_get_all_orders_for_buyer_system.py:119: 
_ _ _ _ _ _ _ _ _ _ _ _ _ _ _ _ _ _ _ _ _ _ _ _ _ _ _ _ _ _ _ _ _ _ _ _ _ _ _ _ 
.venv/lib/python3.11/site-packages/_pytest/monkeypatch.py:104: in derive_importpath
    target = resolve(module)
             ^^^^^^^^^^^^^^^
_ _ _ _ _ _ _ _ _ _ _ _ _ _ _ _ _ _ _ _ _ _ _ _ _ _ _ _ _ _ _ _ _ _ _ _ _ _ _ _ 

name = 'app.services.apiKey'

    def resolve(name: str) -> object:
        # Simplified from zope.dottedname.
        parts = name.split(".")
    
        used = parts.pop(0)
        found: object = __import__(used)
        for part in parts:
            used += "." + part
            try:
                found = getattr(found, part)
            except AttributeError:
                pass
            else:
                continue
            # We use explicit un-nesting of the handling block in order
            # to avoid nested exceptions.
            try:
                __import__(used)
            except ImportError as ex:
                expected = str(ex).split()[-1]
                if expected == used:
                    raise
                else:
>                   raise ImportError(f"import error in {used}: {ex}") from ex
E                   ImportError: import error in app.services.apiKey: No module named 'app.services.apiKey'

.venv/lib/python3.11/site-packages/_pytest/monkeypatch.py:85: ImportError
__ ERROR at setup of test_get_orders_for_buyer_success_contains_status_filter __

name = 'app.services.apiKey'

    def resolve(name: str) -> object:
        # Simplified from zope.dottedname.
        parts = name.split(".")
    
        used = parts.pop(0)
        found: object = __import__(used)
        for part in parts:
            used += "." + part
            try:
                found = getattr(found, part)
            except AttributeError:
                pass
            else:
                continue
            # We use explicit un-nesting of the handling block in order
            # to avoid nested exceptions.
            try:
>               __import__(used)
E               ModuleNotFoundError: No module named 'app.services.apiKey'

.venv/lib/python3.11/site-packages/_pytest/monkeypatch.py:79: ModuleNotFoundError

The above exception was the direct cause of the following exception:

monkeypatch = <_pytest.monkeypatch.MonkeyPatch object at 0x107a52f50>

    @pytest.fixture(autouse=True)
    def mock_auth_db(monkeypatch):
        class FakeAuthDB:
            def __enter__(self):
                return self
    
            def __exit__(self, *args):
                pass
    
            def execute_query(self, query, params):
                return [("dummy-key",)]
    
>       monkeypatch.setattr("app.services.apiKey.PostgresDB", lambda: FakeAuthDB())

tests/test_get_all_orders_for_buyer_system.py:119: 
_ _ _ _ _ _ _ _ _ _ _ _ _ _ _ _ _ _ _ _ _ _ _ _ _ _ _ _ _ _ _ _ _ _ _ _ _ _ _ _ 
.venv/lib/python3.11/site-packages/_pytest/monkeypatch.py:104: in derive_importpath
    target = resolve(module)
             ^^^^^^^^^^^^^^^
_ _ _ _ _ _ _ _ _ _ _ _ _ _ _ _ _ _ _ _ _ _ _ _ _ _ _ _ _ _ _ _ _ _ _ _ _ _ _ _ 

name = 'app.services.apiKey'

    def resolve(name: str) -> object:
        # Simplified from zope.dottedname.
        parts = name.split(".")
    
        used = parts.pop(0)
        found: object = __import__(used)
        for part in parts:
            used += "." + part
            try:
                found = getattr(found, part)
            except AttributeError:
                pass
            else:
                continue
            # We use explicit un-nesting of the handling block in order
            # to avoid nested exceptions.
            try:
                __import__(used)
            except ImportError as ex:
                expected = str(ex).split()[-1]
                if expected == used:
                    raise
                else:
>                   raise ImportError(f"import error in {used}: {ex}") from ex
E                   ImportError: import error in app.services.apiKey: No module named 'app.services.apiKey'

.venv/lib/python3.11/site-packages/_pytest/monkeypatch.py:85: ImportError
[...]
            order_rows,
            None
        ]
    
        result = get_order_details(mock_db, "buyer1", "order1")
    
>       assert result is None
E       AssertionError: assert [('order1', 'CREATED', 'prod1', 'Bolt', 'desc', 1.5, ...)] is None

tests/test_get_order_by_id.py:32: AssertionError
______________________ test_get_order_details_single_item ______________________

mock_db = <MagicMock id='4425032400'>

    def test_get_order_details_single_item(mock_db):
        order_rows = [
            ("order1", "CREATED", "prod1", "Bolt", "desc", 1.5, 10, 15)
        ]
        xml = "<Order></Order>"
    
        mock_db.execute_query.side_effect = [
            order_rows,
            [xml]
        ]
    
        result = get_order_details(mock_db, "buyer1", "order1")
    
>       assert result["orderId"] == "order1"
               ^^^^^^^^^^^^^^^^^
E       TypeError: list indices must be integers or slices, not str

tests/test_get_order_by_id.py:48: TypeError
____________________ test_get_order_details_multiple_items _____________________

mock_db = <MagicMock id='4424068816'>

    def test_get_order_details_multiple_items(mock_db):
        order_rows = [
            ("order1", "CANCELED", "prod1", "Bolt", "desc", 1.5, 10, 15),
            ("order1", "CANCELED", "prod2", "Nut", "desc2", 2.0, 5, 10)
        ]
        xml = "<Order></Order>"
    
        mock_db.execute_query.side_effect = [
            order_rows,
            [xml]
        ]
    
        result = get_order_details(mock_db, "buyer1", "order1")
    
>       assert result["orderId"] == "order1"
               ^^^^^^^^^^^^^^^^^
E       TypeError: list indices must be integers or slices, not str

tests/test_get_order_by_id.py:76: TypeError
______________________ test_get_order_details_none_values ______________________

mock_db = <MagicMock id='4424025232'>

    def test_get_order_details_none_values(mock_db):
        order_rows = [
            ("order1", "CREATED", None, "Bolt", None, None, 10, None)
        ]
        xml = "<Order></Order>"
    
        mock_db.execute_query.side_effect = [
            order_rows,
            [xml]
        ]
    
        result = get_order_details(mock_db, "buyer1", "order1")
    
>       item = result["items"][0]
               ^^^^^^^^^^^^^^^
E       TypeError: list indices must be integers or slices, not str

tests/test_get_order_by_id.py:98: TypeError
_______________________ test_get_order_details_converts ________________________

mock_db = <MagicMock id='4422475024'>

    def test_get_order_details_converts(mock_db):
        order_rows = [
            (123, "CREATED", 456, "Bolt", "desc", 1.5, 10, 15.75)
        ]
        xml = "<Order></Order>"
    
        mock_db.execute_query.side_effect = [
            order_rows,
            [xml]
        ]
    
        result = get_order_details(mock_db, "buyer1", "order1")
    
>       item = result["items"][0]
               ^^^^^^^^^^^^^^^
E       TypeError: list indices must be integers or slices, not str

tests/test_get_order_by_id.py:123: TypeError
____________________ test_get_order_details_calls_db_twice _____________________

mock_db = <MagicMock id='4422475600'>

    def test_get_order_details_calls_db_twice(mock_db):
        order_rows = [
            ("order1", "CREATED", "prod1", "Bolt", "desc", 1.5, 10, 15)
        ]
        xml = "<Order></Order>"
    
        mock_db.execute_query.side_effect = [
            order_rows,
            [xml]
        ]
    
        get_order_details(mock_db, "buyer1", "order1")
    
>       assert mock_db.execute_query.call_count == 2
E       AssertionError: assert 1 == 2
E        +  where 1 = <MagicMock name='mock.execute_query' id='4423569232'>.call_count
E        +    where <MagicMock name='mock.execute_query' id='4423569232'> = <MagicMock id='4422475600'>.execute_query

tests/test_get_order_by_id.py:144: AssertionError
________________________ test_validate_api_key_success _________________________

    def test_validate_api_key_success():
        app = Flask(__name__)
    
        @validate_api_key
        def protected():
            return "success"
    
        with app.test_request_context(headers={"api-key": "valid_key"}):
>           with patch("app.services.apiKey.PostgresDB") as mock_db:

tests/test_validate_api_key.py:19: 
_ _ _ _ _ _ _ _ _ _ _ _ _ _ _ _ _ _ _ _ _ _ _ _ _ _ _ _ _ _ _ _ _ _ _ _ _ _ _ _ 
/Library/Frameworks/Python.framework/Versions/3.11/lib/python3.11/unittest/mock.py:1427: in __enter__
    self.target = self.getter()
                  ^^^^^^^^^^^^^
_ _ _ _ _ _ _ _ _ _ _ _ _ _ _ _ _ _ _ _ _ _ _ _ _ _ _ _ _ _ _ _ _ _ _ _ _ _ _ _ 

name = 'app.services.apiKey'

    def resolve_name(name):
        """
        Resolve a name to an object.
    
        It is expected that `name` will be a string in one of the following
        formats, where W is shorthand for a valid Python identifier and dot stands
        for a literal period in these pseudo-regexes:
    
        W(.W)*
        W(.W)*:(W(.W)*)?
    
        The first form is intended for backward compatibility only. It assumes that
        some part of the dotted name is a package, and the rest is an object
        somewhere within that package, possibly nested inside other objects.
        Because the place where the package stops and the object hierarchy starts
        can't be inferred by inspection, repeated attempts to import must be done
        with this form.
    
        In the second form, the caller makes the division point clear through the
        provision of a single colon: the dotted name to the left of the colon is a
        package to be imported, and the dotted name to the right is the object
        hierarchy within that package. Only one import is needed in this form. If
        it ends with the colon, then a module object is returned.
    
        The function will return an object (which might be a module), or raise one
        of the following exceptions:
    
        ValueError - if `name` isn't in a recognised format
        ImportError - if an import failed when it shouldn't have
        AttributeError - if a failure occurred when traversing the object hierarchy
                         within the imported package to get to the desired object.
        """
        global _NAME_PATTERN
        if _NAME_PATTERN is None:
            # Lazy import to speedup Python startup time
            import re
            dotted_words = r'(?!\d)(\w+)(\.(?!\d)(\w+))*'
            _NAME_PATTERN = re.compile(f'^(?P<pkg>{dotted_words})'
                                       f'(?P<cln>:(?P<obj>{dotted_words})?)?$',
                                       re.UNICODE)
    
        m = _NAME_PATTERN.match(name)
        if not m:
            raise ValueError(f'invalid format: {name!r}')
        gd = m.groupdict()
        if gd.get('cln'):
            # there is a colon - a one-step import is all that's needed
            mod = importlib.import_module(gd['pkg'])
            parts = gd.get('obj')
            parts = parts.split('.') if parts else []
        else:
            # no colon - have to iterate to find the package boundary
            parts = name.split('.')
            modname = parts.pop(0)
            # first part *must* be a module/package.
            mod = importlib.import_module(modname)
            while parts:
                p = parts[0]
                s = f'{modname}.{p}'
                try:
                    mod = importlib.import_module(s)
                    parts.pop(0)
                    modname = s
                except ImportError:
                    break
        # if we reach this point, mod is the module, already imported, and
        # parts is the list of parts in the object hierarchy to be traversed, or
        # an empty list if just the module is wanted.
        result = mod
        for p in parts:
>           result = getattr(result, p)
                     ^^^^^^^^^^^^^^^^^^
E           AttributeError: module 'app.services' has no attribute 'apiKey'

/Library/Frameworks/Python.framework/Versions/3.11/lib/python3.11/pkgutil.py:715: AttributeError
______________________ test_validate_api_key_unauthorized ______________________

    def test_validate_api_key_unauthorized():
        app = Flask(__name__)
    
        @validate_api_key
        def protected():
            return "success"
    
        with app.test_request_context(headers={"api-key": "invalid"}):
>           with patch("app.services.apiKey.PostgresDB") as mock_db:

tests/test_validate_api_key.py:38: 
_ _ _ _ _ _ _ _ _ _ _ _ _ _ _ _ _ _ _ _ _ _ _ _ _ _ _ _ _ _ _ _ _ _ _ _ _ _ _ _ 
/Library/Frameworks/Python.framework/Versions/3.11/lib/python3.11/unittest/mock.py:1427: in __enter__
    self.target = self.getter()
                  ^^^^^^^^^^^^^
_ _ _ _ _ _ _ _ _ _ _ _ _ _ _ _ _ _ _ _ _ _ _ _ _ _ _ _ _ _ _ _ _ _ _ _ _ _ _ _ 

name = 'app.services.apiKey'

    def resolve_name(name):
        """
        Resolve a name to an object.
    
        It is expected that `name` will be a string in one of the following
        formats, where W is shorthand for a valid Python identifier and dot stands
        for a literal period in these pseudo-regexes:
    
        W(.W)*
        W(.W)*:(W(.W)*)?
    
        The first form is intended for backward compatibility only. It assumes that
        some part of the dotted name is a package, and the rest is an object
        somewhere within that package, possibly nested inside other objects.
        Because the place where the package stops and the object hierarchy starts
        can't be inferred by inspection, repeated attempts to import must be done
        with this form.
    
        In the second form, the caller makes the division point clear through the
        provision of a single colon: the dotted name to the left of the colon is a
        package to be imported, and the dotted name to the right is the object
        hierarchy within that package. Only one import is needed in this form. If
        it ends with the colon, then a module object is returned.
    
        The function will return an object (which might be a module), or raise one
        of the following exceptions:
    
        ValueError - if `name` isn't in a recognised format
        ImportError - if an import failed when it shouldn't have
        AttributeError - if a failure occurred when traversing the object hierarchy
                         within the imported package to get to the desired object.
        """
        global _NAME_PATTERN
        if _NAME_PATTERN is None:
            # Lazy import to speedup Python startup time
            import re
            dotted_words = r'(?!\d)(\w+)(\.(?!\d)(\w+))*'
            _NAME_PATTERN = re.compile(f'^(?P<pkg>{dotted_words})'
                                       f'(?P<cln>:(?P<obj>{dotted_words})?)?$',
                                       re.UNICODE)
    
        m = _NAME_PATTERN.match(name)
        if not m:
            raise ValueError(f'invalid format: {name!r}')
        gd = m.groupdict()
        if gd.get('cln'):
            # there is a colon - a one-step import is all that's needed
            mod = importlib.import_module(gd['pkg'])
            parts = gd.get('obj')
            parts = parts.split('.') if parts else []
        else:
            # no colon - have to iterate to find the package boundary
            parts = name.split('.')
            modname = parts.pop(0)
            # first part *must* be a module/package.
            mod = importlib.import_module(modname)
            while parts:
                p = parts[0]
                s = f'{modname}.{p}'
                try:
                    mod = importlib.import_module(s)
                    parts.pop(0)
                    modname = s
                except ImportError:
                    break
        # if we reach this point, mod is the module, already imported, and
        # parts is the list of parts in the object hierarchy to be traversed, or
        # an empty list if just the module is wanted.
        result = mod
        for p in parts:
>           result = getattr(result, p)
                     ^^^^^^^^^^^^^^^^^^
E           AttributeError: module 'app.services' has no attribute 'apiKey'

/Library/Frameworks/Python.framework/Versions/3.11/lib/python3.11/pkgutil.py:715: AttributeError
================================ tests coverage ================================
_______________ coverage: platform darwin, python 3.11.4-final-0 _______________

Name                             Stmts   Miss  Cover
----------------------------------------------------
app/__init__.py                      9      6    33%
app/routes.py                      174    100    43%
app/services/__init__.py             0      0   100%
app/services/api_key.py             40      1    98%
app/services/order_db.py            89      0   100%
app/services/order_service.py       89     55    38%
app/services/validate_order.py     134      0   100%
app/services/xml_db.py              22      0   100%
app/services/xml_generation.py      83      0   100%
app/utils/__init__.py                0      0   100%
app/utils/helper.py                 19      0   100%
----------------------------------------------------
TOTAL                              659    162    75%
=========================== short test summary info ============================
FAILED tests/test_cancel_order.py::test_cancel_order_wrong_buyer - IndexError...
FAILED tests/test_cancel_order.py::test_cancel_order_invalid - IndexError: li...
FAILED tests/test_cancel_order.py::test_cancel_order_service - IndexError: li...
FAILED tests/test_cancel_order_system.py::test_cancel_order_success - assert ...
FAILED tests/test_cancel_order_system.py::test_cancel_order_forbidden - asser...
FAILED tests/test_cancel_order_system.py::test_cancel_order_conflict - assert...
FAILED tests/test_get_all_orders_for_buyer.py::test_get_orders_for_buyer_no_orders
FAILED tests/test_get_all_orders_for_buyer.py::test_get_orders_for_buyer_single_order
FAILED tests/test_get_all_orders_for_buyer.py::test_get_orders_for_buyer_multiple_orders
FAILED tests/test_get_all_orders_for_buyer.py::test_get_orders_for_buyer_none_dates
FAILED tests/test_get_all_orders_for_buyer.py::test_get_orders_for_buyer_none_total_amount
FAILED tests/test_get_all_orders_for_buyer.py::test_get_orders_for_buyer_converts_order_id_and_total_amount_to_string
FAILED tests/test_get_all_orders_for_buyer.py::test_get_orders_for_buyer_passes_status_filter
FAILED tests/test_get_all_orders_for_buyer.py::test_get_orders_for_buyer_strips_status_filter
FAILED tests/test_get_all_orders_for_buyer.py::test_get_orders_for_buyer_passes_from_date_filter
FAILED tests/test_get_all_orders_for_buyer.py::test_get_orders_for_buyer_passes_to_date_filter
FAILED tests/test_get_all_orders_for_buyer.py::test_get_orders_for_buyer_passes_limit_and_offset
FAILED tests/test_get_all_orders_for_buyer.py::test_get_orders_for_buyer_calls_db_twice
FAILED tests/test_get_order_by_id.py::test_get_order_details_not_found - asse...
FAILED tests/test_get_order_by_id.py::test_get_order_details_no_xml - Asserti...
FAILED tests/test_get_order_by_id.py::test_get_order_details_single_item - Ty...
FAILED tests/test_get_order_by_id.py::test_get_order_details_multiple_items
FAILED tests/test_get_order_by_id.py::test_get_order_details_none_values - Ty...
FAILED tests/test_get_order_by_id.py::test_get_order_details_converts - TypeE...
FAILED tests/test_get_order_by_id.py::test_get_order_details_calls_db_twice
FAILED tests/test_validate_api_key.py::test_validate_api_key_success - Attrib...
FAILED tests/test_validate_api_key.py::test_validate_api_key_unauthorized - A...
ERROR tests/test_create_order_system_test.py::test_create_order_invalid_buyer_id
ERROR tests/test_create_order_system_test.py::test_create_order_missing_json
ERROR tests/test_create_order_system_test.py::test_create_order_missing_address
ERROR tests/test_create_order_system_test.py::test_create_order_missing_items
ERROR tests/test_create_order_system_test.py::test_create_order_success_status_code
ERROR tests/test_create_order_system_test.py::test_create_order_success_returns_xml
ERROR tests/test_create_order_system_test.py::test_create_order_success_xml_contains_order_id
ERROR tests/test_create_order_system_test.py::test_create_order_success_xml_contains_buyer_id
ERROR tests/test_delete_canceled_buyer_system.py::test_delete_cancelled_orders
ERROR tests/test_delete_canceled_buyer_system.py::test_delete_cancelled_orders_invalid
ERROR tests/test_delete_canceled_buyer_system.py::test_delete_cancelled_orders_not_found
ERROR tests/test_delete_canceled_buyer_system.py::test_delete_cancelled_orders_none
ERROR tests/test_get_all_orders_for_buyer_system.py::test_get_orders_for_buyer_invalid_buyer_id
ERROR tests/test_get_all_orders_for_buyer_system.py::test_get_orders_for_buyer_invalid_limit_type
ERROR tests/test_get_all_orders_for_buyer_system.py::test_get_orders_for_buyer_invalid_offset_type
ERROR tests/test_get_all_orders_for_buyer_system.py::test_get_orders_for_buyer_invalid_limit_value
ERROR tests/test_get_all_orders_for_buyer_system.py::test_get_orders_for_buyer_invalid_offset_value
ERROR tests/test_get_all_orders_for_buyer_system.py::test_get_orders_for_buyer_invalid_from_date
ERROR tests/test_get_all_orders_for_buyer_system.py::test_get_orders_for_buyer_invalid_to_date
ERROR tests/test_get_all_orders_for_buyer_system.py::test_get_orders_for_buyer_not_found
ERROR tests/test_get_all_orders_for_buyer_system.py::test_get_orders_for_buyer_success_status_code
ERROR tests/test_get_all_orders_for_buyer_system.py::test_get_orders_for_buyer_success_returns_json
ERROR tests/test_get_all_orders_for_buyer_system.py::test_get_orders_for_buyer_success_contains_buyer_id
ERROR tests/test_get_all_orders_for_buyer_system.py::test_get_orders_for_buyer_success_contains_message
ERROR tests/test_get_all_orders_for_buyer_system.py::test_get_orders_for_buyer_success_contains_count
ERROR tests/test_get_all_orders_for_buyer_system.py::test_get_orders_for_buyer_success_contains_limit_and_offset
ERROR tests/test_get_all_orders_for_buyer_system.py::test_get_orders_for_buyer_success_contains_orders
ERROR tests/test_get_all_orders_for_buyer_system.py::test_get_orders_for_buyer_success_contains_status_filter
ERROR tests/test_get_all_orders_for_buyer_system.py::test_get_orders_for_buyer_success_empty_orders
ERROR tests/test_get_all_orders_for_buyer_system.py::test_get_orders_for_buyer_internal_server_error
ERROR tests/test_get_order_by_id_systems.py::test_get_order_by_id_invalid_buyer_id
ERROR tests/test_get_order_by_id_systems.py::test_get_order_by_id_invalid_order_id
ERROR tests/test_get_order_by_id_systems.py::test_get_order_by_id_not_found
ERROR tests/test_get_order_by_id_systems.py::test_get_order_by_id_success_status_code
ERROR tests/test_get_order_by_id_systems.py::test_get_order_by_id_success_returns_json
ERROR tests/test_get_order_by_id_systems.py::test_get_order_by_id_success_contains_order_id
ERROR tests/test_get_order_by_id_systems.py::test_get_order_by_id_success_contains_status
ERROR tests/test_get_order_by_id_systems.py::test_get_order_by_id_success_contains_items
ERROR tests/test_get_order_by_id_systems.py::test_get_order_by_id_success_contains_product_names
ERROR tests/test_get_order_by_id_systems.py::test_get_order_by_id_success_contains_xml
ERROR tests/test_get_order_by_id_systems.py::test_get_order_by_id_internal_server_error
ERROR tests/test_update_order_system.py::test_update_order - ImportError: imp...
ERROR tests/test_update_order_system.py::test_update_order_invalid_json - Imp...
ERROR tests/test_update_order_system.py::test_update_order_invalid_buyer_or_order_id
ERROR tests/test_update_order_system.py::test_update_order_not_found - Import...
ERROR tests/test_update_order_system.py::test_update_order_invalid_product - ...
================== 27 failed, 146 passed, 46 errors in 3.55s ===================
